#
# There is insufficient memory for the Java Runtime Environment to continue.
# Native memory allocation (malloc) failed to allocate 2639456 bytes for Chunk::new
# Possible reasons:
#   The system is out of physical RAM or swap space
#   The process is running with CompressedOops enabled, and the Java Heap may be blocking the growth of the native heap
# Possible solutions:
#   Reduce memory load on the system
#   Increase physical memory or swap space
#   Check if swap backing store is full
#   Decrease Java heap size (-Xmx/-Xms)
#   Decrease number of Java threads
#   Decrease Java thread stack sizes (-Xss)
#   Set larger code cache with -XX:ReservedCodeCacheSize=
#   JVM is running with Unscaled Compressed Oops mode in which the Java heap is
#     placed in the first 4GB address space. The Java Heap base address is the
#     maximum limit for the native heap growth. Please use -XX:HeapBaseMinAddress
#     to set the Java Heap base and to place the Java Heap above 4GB virtual address.
# This output file may be truncated or incomplete.
#
#  Out of Memory Error (allocation.cpp:389), pid=6888, tid=0x000000000000196c
#
# JRE version: OpenJDK Runtime Environment (8.0_202-b03) (build 1.8.0_202-release-1483-b03)
# Java VM: OpenJDK 64-Bit Server VM (25.202-b03 mixed mode windows-amd64 compressed oops)
# Failed to write core dump. Minidumps are not enabled by default on client versions of Windows
#

---------------  T H R E A D  ---------------

Current thread (0x000000001755e000):  JavaThread "C2 CompilerThread1" daemon [_thread_in_native, id=6508, stack(0x0000000019c30000,0x0000000019d30000)]

Stack: [0x0000000019c30000,0x0000000019d30000]
[error occurred during error reporting (printing stack bounds), id 0xc0000005]

Native frames: (J=compiled Java code, j=interpreted, Vv=VM code, C=native code)


Current CompileTask:
C2:1764291 20002 %     4       com.android.tools.r8.ir.regalloc.LinearScanRegisterAllocator::a @ 2072 (3743 bytes)


---------------  P R O C E S S  ---------------

Java Threads: ( => current thread )
  0x000000001a63a800 JavaThread "Cache worker for execution history cache (E:\AndroidStudioProjects\Project\as team\Font\.gradle\5.4.1\executionHistory)" [_thread_blocked, id=9080, stack(0x00000000358b0000,0x00000000359b0000)]
  0x000000001a636000 JavaThread "Execution worker for ':' Thread 7" [_thread_in_Java, id=7704, stack(0x00000000357b0000,0x00000000358b0000)]
  0x000000001a637800 JavaThread "Execution worker for ':' Thread 6" [_thread_in_Java, id=8144, stack(0x00000000356b0000,0x00000000357b0000)]
  0x000000001a62d000 JavaThread "Execution worker for ':' Thread 5" [_thread_in_Java, id=9012, stack(0x00000000355b0000,0x00000000356b0000)]
  0x000000001a633800 JavaThread "Execution worker for ':' Thread 4" [_thread_in_Java, id=2956, stack(0x00000000354b0000,0x00000000355b0000)]
  0x000000001a62c000 JavaThread "Execution worker for ':' Thread 3" [_thread_in_Java, id=4596, stack(0x00000000353b0000,0x00000000354b0000)]
  0x000000001a633000 JavaThread "Execution worker for ':' Thread 2" [_thread_in_Java, id=5200, stack(0x00000000352b0000,0x00000000353b0000)]
  0x000000001a62e800 JavaThread "Execution worker for ':'" [_thread_in_Java, id=7612, stack(0x00000000351b0000,0x00000000352b0000)]
  0x000000001a62b800 JavaThread "Cache worker for file content cache (E:\AndroidStudioProjects\Project\as team\Font\.gradle\5.4.1\fileContent)" [_thread_blocked, id=6692, stack(0x00000000350b0000,0x00000000351b0000)]
  0x000000001a632000 JavaThread "Cache worker for Build Output Cleanup Cache (E:\AndroidStudioProjects\Project\as team\Font\.gradle\buildOutputCleanup)" [_thread_blocked, id=8216, stack(0x0000000034fb0000,0x00000000350b0000)]
  0x000000001a62d800 JavaThread "Build operations Thread 8" [_thread_blocked, id=6828, stack(0x0000000034eb0000,0x0000000034fb0000)]
  0x000000001a630800 JavaThread "Build operations Thread 7" [_thread_blocked, id=2312, stack(0x0000000034db0000,0x0000000034eb0000)]
  0x000000001a62f000 JavaThread "Build operations Thread 6" [_thread_blocked, id=7472, stack(0x0000000034cb0000,0x0000000034db0000)]
  0x00000000229dd800 JavaThread "Build operations Thread 5" [_thread_blocked, id=2168, stack(0x0000000034bb0000,0x0000000034cb0000)]
  0x00000000229dc800 JavaThread "Build operations Thread 4" [_thread_blocked, id=1108, stack(0x0000000034ab0000,0x0000000034bb0000)]
  0x00000000229dc000 JavaThread "Build operations Thread 3" [_thread_blocked, id=7884, stack(0x00000000349b0000,0x0000000034ab0000)]
  0x00000000229d2000 JavaThread "Build operations Thread 2" [_thread_blocked, id=3840, stack(0x00000000348b0000,0x00000000349b0000)]
  0x00000000229d9000 JavaThread "Build operations" [_thread_blocked, id=3048, stack(0x00000000347b0000,0x00000000348b0000)]
  0x00000000229d8000 JavaThread "Cache worker for cache directory md-rule (C:\Users\Bill\.gradle\caches\5.4.1\md-rule)" [_thread_blocked, id=1952, stack(0x00000000346b0000,0x00000000347b0000)]
  0x00000000229d7800 JavaThread "Cache worker for cache directory md-supplier (C:\Users\Bill\.gradle\caches\5.4.1\md-supplier)" [_thread_blocked, id=6904, stack(0x00000000345b0000,0x00000000346b0000)]
  0x00000000229d6800 JavaThread "Cache worker for file hash cache (E:\AndroidStudioProjects\Project\as team\Font\.gradle\5.4.1\fileHashes)" [_thread_blocked, id=3916, stack(0x00000000344b0000,0x00000000345b0000)]
  0x00000000229cf000 JavaThread "Thread-181" [_thread_blocked, id=96, stack(0x00000000343b0000,0x00000000344b0000)]
  0x00000000229d0800 JavaThread "Stdin handler" [_thread_blocked, id=7064, stack(0x00000000342b0000,0x00000000343b0000)]
  0x00000000229d1800 JavaThread "Asynchronous log dispatcher for DefaultDaemonConnection: socket connection from /127.0.0.1:49878 to /127.0.0.1:50181" [_thread_blocked, id=8708, stack(0x00000000341b0000,0x00000000342b0000)]
  0x00000000229d5000 JavaThread "Daemon worker Thread 6" [_thread_in_Java, id=6452, stack(0x00000000340b0000,0x00000000341b0000)]
  0x00000000229ce800 JavaThread "Cancel handler" [_thread_blocked, id=7844, stack(0x0000000033fb0000,0x00000000340b0000)]
  0x00000000229d4800 JavaThread "Handler for socket connection from /127.0.0.1:49878 to /127.0.0.1:50181" [_thread_in_native, id=7052, stack(0x0000000033eb0000,0x0000000033fb0000)]
  0x00000000229d3800 JavaThread "Daemon Thread 6" [_thread_blocked, id=8336, stack(0x0000000033db0000,0x0000000033eb0000)]
  0x00000000213bd000 JavaThread "Cache worker for Java compile cache (C:\Users\Bill\.gradle\caches\5.4.1\javaCompile)" [_thread_blocked, id=6916, stack(0x0000000028cb0000,0x0000000028db0000)]
  0x00000000213ad800 JavaThread "Cache worker for file content cache (C:\Users\Bill\.gradle\caches\5.4.1\fileContent)" [_thread_blocked, id=1000, stack(0x00000000282b0000,0x00000000283b0000)]
  0x00000000213b9000 JavaThread "Memory manager" [_thread_blocked, id=3820, stack(0x0000000024b20000,0x0000000024c20000)]
  0x00000000213b2800 JavaThread "Cache worker for execution history cache (C:\Users\Bill\.gradle\caches\5.4.1\executionHistory)" [_thread_blocked, id=3592, stack(0x0000000022ef0000,0x0000000022ff0000)]
  0x000000001b31e800 JavaThread "Cache worker for journal cache (C:\Users\Bill\.gradle\caches\journal-1)" [_thread_blocked, id=4136, stack(0x000000001cab0000,0x000000001cbb0000)]
  0x000000001b321000 JavaThread "File lock request listener" [_thread_in_native, id=5024, stack(0x000000001c9b0000,0x000000001cab0000)]
  0x000000001a262000 JavaThread "Cache worker for file hash cache (C:\Users\Bill\.gradle\caches\5.4.1\fileHashes)" [_thread_blocked, id=7532, stack(0x000000001c8b0000,0x000000001c9b0000)]
  0x000000001b09f800 JavaThread "Daemon periodic checks" [_thread_blocked, id=6364, stack(0x000000001bdb0000,0x000000001beb0000)]
  0x000000001a35c000 JavaThread "Incoming local TCP Connector on port 49878" [_thread_in_native, id=3224, stack(0x000000001bc00000,0x000000001bd00000)]
  0x000000001b453800 JavaThread "Daemon health stats" [_thread_blocked, id=8820, stack(0x000000001b900000,0x000000001ba00000)]
  0x00000000193e4800 JavaThread "Service Thread" daemon [_thread_blocked, id=6580, stack(0x0000000019f30000,0x000000001a030000)]
  0x00000000193cb000 JavaThread "C1 CompilerThread3" daemon [_thread_blocked, id=6528, stack(0x0000000019e30000,0x0000000019f30000)]
  0x00000000193c4000 JavaThread "C2 CompilerThread2" daemon [_thread_in_native, id=2336, stack(0x0000000019d30000,0x0000000019e30000)]
=>0x000000001755e000 JavaThread "C2 CompilerThread1" daemon [_thread_in_native, id=6508, stack(0x0000000019c30000,0x0000000019d30000)]
  0x000000001755b800 JavaThread "C2 CompilerThread0" daemon [_thread_in_native, id=6068, stack(0x0000000019b30000,0x0000000019c30000)]
  0x00000000193c0000 JavaThread "Attach Listener" daemon [_thread_blocked, id=5136, stack(0x0000000019a30000,0x0000000019b30000)]
  0x0000000019356800 JavaThread "Signal Dispatcher" daemon [_thread_blocked, id=4052, stack(0x0000000019930000,0x0000000019a30000)]
  0x0000000019350800 JavaThread "Finalizer" daemon [_thread_blocked, id=1236, stack(0x0000000019830000,0x0000000019930000)]
  0x0000000003785000 JavaThread "Reference Handler" daemon [_thread_blocked, id=1712, stack(0x0000000019730000,0x0000000019830000)]
  0x000000000368e800 JavaThread "main" [_thread_blocked, id=1896, stack(0x0000000003570000,0x0000000003670000)]

Other Threads:
  0x0000000017549000 VMThread [stack: 0x0000000019230000,0x0000000019330000] [id=6872]
  0x00000000193e5000 WatcherThread [stack: 0x000000001a030000,0x000000001a130000] [id=8020]

VM state:not at safepoint (normal execution)

VM Mutex/Monitor currently owned by a thread: None

heap address: 0x00000000a0000000, size: 1536 MB, Compressed Oops mode: 32-bit
Narrow klass base: 0x0000000000000000, Narrow klass shift: 3
Compressed class space size: 1073741824 Address: 0x0000000100000000

Heap:
 PSYoungGen      total 445952K, used 374095K [0x00000000e0000000, 0x0000000100000000, 0x0000000100000000)
  eden space 369664K, 96% used [0x00000000e0000000,0x00000000f5c7bbe0,0x00000000f6900000)
  from space 76288K, 22% used [0x00000000fb100000,0x00000000fc1d82b8,0x00000000ffb80000)
  to   space 73728K, 0% used [0x00000000f6900000,0x00000000f6900000,0x00000000fb100000)
 ParOldGen       total 128512K, used 107844K [0x00000000a0000000, 0x00000000a7d80000, 0x00000000e0000000)
  object space 128512K, 83% used [0x00000000a0000000,0x00000000a69510a8,0x00000000a7d80000)
 Metaspace       used 88492K, capacity 92222K, committed 95704K, reserved 1132544K
  class space    used 11270K, capacity 12032K, committed 12544K, reserved 1048576K

Card table byte_map: [0x0000000012b50000,0x0000000012e60000] byte_map_base: 0x0000000012650000

Marking Bits: (ParMarkBitMap*) 0x0000000056239f30
 Begin Bits: [0x0000000013860000, 0x0000000015060000)
 End Bits:   [0x0000000015060000, 0x0000000016860000)

Polling page: 0x0000000000ff0000

CodeCache: size=245760Kb used=63065Kb max_used=63065Kb free=182694Kb
 bounds [0x0000000003790000, 0x0000000007580000, 0x0000000012790000]
 total_blobs=17950 nmethods=17102 adapters=758
 compilation: enabled

Compilation events (10 events):
Event: 1763.409 Thread 0x00000000193cb000 21741       2       com.android.tools.r8.ir.code.InstancePut::identicalAfterRegisterAllocation (56 bytes)
Event: 1763.410 Thread 0x00000000193cb000 nmethod 21741 0x0000000007550810 code [0x00000000075509e0, 0x0000000007550dc8]
Event: 1763.433 Thread 0x00000000193cb000 21743       3       com.android.tools.r8.ir.regalloc.LinearScanRegisterAllocator::a (148 bytes)
Event: 1763.434 Thread 0x00000000193cb000 nmethod 21743 0x000000000754ec90 code [0x000000000754ef20, 0x000000000754ff28]
Event: 1763.453 Thread 0x00000000193cb000 21744       2       com.android.tools.r8.ir.code.Value::a (58 bytes)
Event: 1763.454 Thread 0x00000000193cb000 nmethod 21744 0x000000000754e710 code [0x000000000754e8a0, 0x000000000754eb08]
Event: 1763.458 Thread 0x00000000193cb000 21745 %     3       com.android.tools.r8.ir.regalloc.LinearScanRegisterAllocator::b @ 193 (1142 bytes)
Event: 1763.465 Thread 0x00000000193cb000 nmethod 21745% 0x000000000756ec90 code [0x000000000756f540, 0x0000000007574928]
Event: 1763.470 Thread 0x00000000193cb000 21746       2       com.android.tools.r8.ir.code.BasicBlock::a (128 bytes)
Event: 1763.471 Thread 0x00000000193cb000 nmethod 21746 0x000000000754d810 code [0x000000000754da20, 0x000000000754e158]

GC Heap History (10 events):
Event: 1761.061 GC heap before
{Heap before GC invocations=36 (full 4):
 PSYoungGen      total 435200K, used 32111K [0x00000000e0000000, 0x00000000ff980000, 0x0000000100000000)
  eden space 358912K, 0% used [0x00000000e0000000,0x00000000e0000000,0x00000000f5e80000)
  from space 76288K, 42% used [0x00000000faf00000,0x00000000fce5bd00,0x00000000ff980000)
  to   space 79360K, 0% used [0x00000000f5e80000,0x00000000f5e80000,0x00000000fac00000)
 ParOldGen       total 128512K, used 120779K [0x00000000a0000000, 0x00000000a7d80000, 0x00000000e0000000)
  object space 128512K, 93% used [0x00000000a0000000,0x00000000a75f2fe0,0x00000000a7d80000)
 Metaspace       used 91056K, capacity 95558K, committed 95704K, reserved 1132544K
  class space    used 11620K, capacity 12532K, committed 12544K, reserved 1048576K
Event: 1761.334 GC heap after
Heap after GC invocations=36 (full 4):
 PSYoungGen      total 435200K, used 0K [0x00000000e0000000, 0x00000000ff980000, 0x0000000100000000)
  eden space 358912K, 0% used [0x00000000e0000000,0x00000000e0000000,0x00000000f5e80000)
  from space 76288K, 0% used [0x00000000faf00000,0x00000000faf00000,0x00000000ff980000)
  to   space 79360K, 0% used [0x00000000f5e80000,0x00000000f5e80000,0x00000000fac00000)
 ParOldGen       total 128512K, used 100066K [0x00000000a0000000, 0x00000000a7d80000, 0x00000000e0000000)
  object space 128512K, 77% used [0x00000000a0000000,0x00000000a61b89a8,0x00000000a7d80000)
 Metaspace       used 88458K, capacity 92196K, committed 95704K, reserved 1132544K
  class space    used 11266K, capacity 12027K, committed 12544K, reserved 1048576K
}
Event: 1761.803 GC heap before
{Heap before GC invocations=37 (full 4):
 PSYoungGen      total 435200K, used 358912K [0x00000000e0000000, 0x00000000ff980000, 0x0000000100000000)
  eden space 358912K, 100% used [0x00000000e0000000,0x00000000f5e80000,0x00000000f5e80000)
  from space 76288K, 0% used [0x00000000faf00000,0x00000000faf00000,0x00000000ff980000)
  to   space 79360K, 0% used [0x00000000f5e80000,0x00000000f5e80000,0x00000000fac00000)
 ParOldGen       total 128512K, used 100066K [0x00000000a0000000, 0x00000000a7d80000, 0x00000000e0000000)
  object space 128512K, 77% used [0x00000000a0000000,0x00000000a61b89a8,0x00000000a7d80000)
 Metaspace       used 88470K, capacity 92222K, committed 95704K, reserved 1132544K
  class space    used 11270K, capacity 12032K, committed 12544K, reserved 1048576K
Event: 1761.816 GC heap after
Heap after GC invocations=37 (full 4):
 PSYoungGen      total 438272K, used 9560K [0x00000000e0000000, 0x0000000100000000, 0x0000000100000000)
  eden space 358912K, 0% used [0x00000000e0000000,0x00000000e0000000,0x00000000f5e80000)
  from space 79360K, 12% used [0x00000000f5e80000,0x00000000f67d61e0,0x00000000fac00000)
  to   space 79872K, 0% used [0x00000000fb200000,0x00000000fb200000,0x0000000100000000)
 ParOldGen       total 128512K, used 100066K [0x00000000a0000000, 0x00000000a7d80000, 0x00000000e0000000)
  object space 128512K, 77% used [0x00000000a0000000,0x00000000a61b89a8,0x00000000a7d80000)
 Metaspace       used 88470K, capacity 92222K, committed 95704K, reserved 1132544K
  class space    used 11270K, capacity 12032K, committed 12544K, reserved 1048576K
}
Event: 1762.210 GC heap before
{Heap before GC invocations=38 (full 4):
 PSYoungGen      total 438272K, used 368472K [0x00000000e0000000, 0x0000000100000000, 0x0000000100000000)
  eden space 358912K, 100% used [0x00000000e0000000,0x00000000f5e80000,0x00000000f5e80000)
  from space 79360K, 12% used [0x00000000f5e80000,0x00000000f67d61e0,0x00000000fac00000)
  to   space 79872K, 0% used [0x00000000fb200000,0x00000000fb200000,0x0000000100000000)
 ParOldGen       total 128512K, used 100066K [0x00000000a0000000, 0x00000000a7d80000, 0x00000000e0000000)
  object space 128512K, 77% used [0x00000000a0000000,0x00000000a61b89a8,0x00000000a7d80000)
 Metaspace       used 88474K, capacity 92222K, committed 95704K, reserved 1132544K
  class space    used 11270K, capacity 12032K, committed 12544K, reserved 1048576K
Event: 1762.222 GC heap after
Heap after GC invocations=38 (full 4):
 PSYoungGen      total 443392K, used 13453K [0x00000000e0000000, 0x00000000ffe80000, 0x0000000100000000)
  eden space 365056K, 0% used [0x00000000e0000000,0x00000000e0000000,0x00000000f6480000)
  from space 78336K, 17% used [0x00000000fb200000,0x00000000fbf23600,0x00000000ffe80000)
  to   space 78848K, 0% used [0x00000000f6480000,0x00000000f6480000,0x00000000fb180000)
 ParOldGen       total 128512K, used 100066K [0x00000000a0000000, 0x00000000a7d80000, 0x00000000e0000000)
  object space 128512K, 77% used [0x00000000a0000000,0x00000000a61b89a8,0x00000000a7d80000)
 Metaspace       used 88474K, capacity 92222K, committed 95704K, reserved 1132544K
  class space    used 11270K, capacity 12032K, committed 12544K, reserved 1048576K
}
Event: 1762.635 GC heap before
{Heap before GC invocations=39 (full 4):
 PSYoungGen      total 443392K, used 378509K [0x00000000e0000000, 0x00000000ffe80000, 0x0000000100000000)
  eden space 365056K, 100% used [0x00000000e0000000,0x00000000f6480000,0x00000000f6480000)
  from space 78336K, 17% used [0x00000000fb200000,0x00000000fbf23600,0x00000000ffe80000)
  to   space 78848K, 0% used [0x00000000f6480000,0x00000000f6480000,0x00000000fb180000)
 ParOldGen       total 128512K, used 100066K [0x00000000a0000000, 0x00000000a7d80000, 0x00000000e0000000)
  object space 128512K, 77% used [0x00000000a0000000,0x00000000a61b89a8,0x00000000a7d80000)
 Metaspace       used 88479K, capacity 92222K, committed 95704K, reserved 1132544K
  class space    used 11270K, capacity 12032K, committed 12544K, reserved 1048576K
Event: 1762.651 GC heap after
Heap after GC invocations=39 (full 4):
 PSYoungGen      total 384000K, used 18790K [0x00000000e0000000, 0x00000000ffb80000, 0x0000000100000000)
  eden space 365056K, 0% used [0x00000000e0000000,0x00000000e0000000,0x00000000f6480000)
  from space 18944K, 99% used [0x00000000f6480000,0x00000000f76d9bd8,0x00000000f7700000)
  to   space 76288K, 0% used [0x00000000fb100000,0x00000000fb100000,0x00000000ffb80000)
 ParOldGen       total 128512K, used 100066K [0x00000000a0000000, 0x00000000a7d80000, 0x00000000e0000000)
  object space 128512K, 77% used [0x00000000a0000000,0x00000000a61b89a8,0x00000000a7d80000)
 Metaspace       used 88479K, capacity 92222K, committed 95704K, reserved 1132544K
  class space    used 11270K, capacity 12032K, committed 12544K, reserved 1048576K
}
Event: 1763.075 GC heap before
{Heap before GC invocations=40 (full 4):
 PSYoungGen      total 384000K, used 383846K [0x00000000e0000000, 0x00000000ffb80000, 0x0000000100000000)
  eden space 365056K, 100% used [0x00000000e0000000,0x00000000f6480000,0x00000000f6480000)
  from space 18944K, 99% used [0x00000000f6480000,0x00000000f76d9bd8,0x00000000f7700000)
  to   space 76288K, 0% used [0x00000000fb100000,0x00000000fb100000,0x00000000ffb80000)
 ParOldGen       total 128512K, used 100066K [0x00000000a0000000, 0x00000000a7d80000, 0x00000000e0000000)
  object space 128512K, 77% used [0x00000000a0000000,0x00000000a61b89a8,0x00000000a7d80000)
 Metaspace       used 88487K, capacity 92222K, committed 95704K, reserved 1132544K
  class space    used 11270K, capacity 12032K, committed 12544K, reserved 1048576K
Event: 1763.092 GC heap after
Heap after GC invocations=40 (full 4):
 PSYoungGen      total 445952K, used 17248K [0x00000000e0000000, 0x0000000100000000, 0x0000000100000000)
  eden space 369664K, 0% used [0x00000000e0000000,0x00000000e0000000,0x00000000f6900000)
  from space 76288K, 22% used [0x00000000fb100000,0x00000000fc1d82b8,0x00000000ffb80000)
  to   space 73728K, 0% used [0x00000000f6900000,0x00000000f6900000,0x00000000fb100000)
 ParOldGen       total 128512K, used 107844K [0x00000000a0000000, 0x00000000a7d80000, 0x00000000e0000000)
  object space 128512K, 83% used [0x00000000a0000000,0x00000000a69510a8,0x00000000a7d80000)
 Metaspace       used 88487K, capacity 92222K, committed 95704K, reserved 1132544K
  class space    used 11270K, capacity 12032K, committed 12544K, reserved 1048576K
}

Deoptimization events (10 events):
Event: 1760.579 Thread 0x000000001a636000 Uncommon trap: reason=class_check action=maybe_recompile pc=0x0000000007133d14 method=com.android.tools.r8.ir.optimize.CodeRewriter.e(Lcom/android/tools/r8/ir/code/IRCode;)V @ 405
Event: 1760.758 Thread 0x000000001a62c000 Uncommon trap: reason=class_check action=maybe_recompile pc=0x000000000730f7d8 method=com.android.tools.r8.ir.analysis.g.e.b(Lcom/android/tools/r8/ir/code/Instruction;)V @ 241
Event: 1760.867 Thread 0x000000001a62e800 Uncommon trap: reason=unstable_if action=reinterpret pc=0x000000000731b7a8 method=com.android.tools.r8.ir.regalloc.LiveIntervals.getSplitCovering(I)Lcom/android/tools/r8/ir/regalloc/LiveIntervals; @ 71
Event: 1760.868 Thread 0x000000001a62e800 Uncommon trap: reason=class_check action=maybe_recompile pc=0x0000000005268420 method=java.util.Collections.binarySearch(Ljava/util/List;Ljava/lang/Object;)I @ 1
Event: 1760.869 Thread 0x000000001a62e800 Uncommon trap: reason=class_check action=maybe_recompile pc=0x0000000005268420 method=java.util.Collections.binarySearch(Ljava/util/List;Ljava/lang/Object;)I @ 1
Event: 1760.869 Thread 0x000000001a62e800 Uncommon trap: reason=class_check action=maybe_recompile pc=0x0000000005268420 method=java.util.Collections.binarySearch(Ljava/util/List;Ljava/lang/Object;)I @ 1
Event: 1761.429 Thread 0x00000000229d5000 Uncommon trap: reason=unstable_if action=reinterpret pc=0x000000000679a72c method=sun.util.locale.provider.LocaleResources.removeEmptyReferences()V @ 9
Event: 1761.984 Thread 0x000000001a633000 Uncommon trap: reason=predicate action=maybe_recompile pc=0x00000000074b6f0c method=com.android.tools.r8.ir.optimize.PeepholeOptimizer.a(Lcom/android/tools/r8/ir/code/IRCode;Lcom/android/tools/r8/ir/regalloc/RegisterAllocator;I)V @ 338
Event: 1762.274 Thread 0x000000001a636000 Uncommon trap: reason=class_check action=maybe_recompile pc=0x0000000007310128 method=com.android.tools.r8.ir.analysis.g.e.b(Lcom/android/tools/r8/ir/code/Instruction;)V @ 376
Event: 1762.550 Thread 0x000000001a633000 Uncommon trap: reason=unstable_if action=reinterpret pc=0x000000000694dd14 method=java.util.HashMap.putVal(ILjava/lang/Object;Ljava/lang/Object;ZZ)Ljava/lang/Object; @ 162

Classes redefined (0 events):
No events

Internal exceptions (10 events):
Event: 1762.963 Thread 0x000000001a62e800 Exception <a 'sun/nio/fs/WindowsException'> (0x00000000efe8a7a0) thrown at [D:\src\AOSP-openjdk-cygwin\jdk8u\hotspot\src\share\vm\prims\jni.cpp, line 710]
Event: 1762.982 Thread 0x00000000229d5000 Exception <a 'sun/nio/fs/WindowsException'> (0x00000000efa33368) thrown at [D:\src\AOSP-openjdk-cygwin\jdk8u\hotspot\src\share\vm\prims\jni.cpp, line 710]
Event: 1763.136 Thread 0x00000000229d5000 Exception <a 'sun/nio/fs/WindowsException'> (0x00000000e1864168) thrown at [D:\src\AOSP-openjdk-cygwin\jdk8u\hotspot\src\share\vm\prims\jni.cpp, line 710]
Event: 1763.150 Thread 0x000000001a636000 Exception <a 'sun/nio/fs/WindowsException'> (0x00000000e373c408) thrown at [D:\src\AOSP-openjdk-cygwin\jdk8u\hotspot\src\share\vm\prims\jni.cpp, line 710]
Event: 1763.159 Thread 0x00000000229d5000 Exception <a 'sun/nio/fs/WindowsException'> (0x00000000e3df7cf0) thrown at [D:\src\AOSP-openjdk-cygwin\jdk8u\hotspot\src\share\vm\prims\jni.cpp, line 710]
Event: 1763.202 Thread 0x000000001a636000 Exception <a 'sun/nio/fs/WindowsException'> (0x00000000e377c170) thrown at [D:\src\AOSP-openjdk-cygwin\jdk8u\hotspot\src\share\vm\prims\jni.cpp, line 710]
Event: 1763.226 Thread 0x000000001a636000 Exception <a 'sun/nio/fs/WindowsException'> (0x00000000e62510a0) thrown at [D:\src\AOSP-openjdk-cygwin\jdk8u\hotspot\src\share\vm\prims\jni.cpp, line 710]
Event: 1763.304 Thread 0x00000000229d5000 Exception <a 'sun/nio/fs/WindowsException'> (0x00000000ea7d9628) thrown at [D:\src\AOSP-openjdk-cygwin\jdk8u\hotspot\src\share\vm\prims\jni.cpp, line 710]
Event: 1763.305 Thread 0x000000001a633000 Exception <a 'sun/nio/fs/WindowsException'> (0x00000000ea9322b0) thrown at [D:\src\AOSP-openjdk-cygwin\jdk8u\hotspot\src\share\vm\prims\jni.cpp, line 710]
Event: 1763.338 Thread 0x000000001a636000 Exception <a 'sun/nio/fs/WindowsException'> (0x00000000ec5aa1a8) thrown at [D:\src\AOSP-openjdk-cygwin\jdk8u\hotspot\src\share\vm\prims\jni.cpp, line 710]

Events (10 events):
Event: 1763.379 Thread 0x000000001a633000 DEOPT PACKING pc=0x0000000006ff965e sp=0x00000000353ab060
Event: 1763.379 Thread 0x000000001a633000 DEOPT UNPACKING pc=0x00000000037d75d0 sp=0x00000000353aae40 mode 0
Event: 1763.383 Thread 0x000000001a633000 DEOPT PACKING pc=0x0000000006ff965e sp=0x00000000353ab1e0
Event: 1763.383 Thread 0x000000001a633000 DEOPT UNPACKING pc=0x00000000037d75d0 sp=0x00000000353aafc0 mode 0
Event: 1763.396 Thread 0x000000001a637800 DEOPT PACKING pc=0x0000000005c8db67 sp=0x00000000357aaea0
Event: 1763.396 Thread 0x000000001a637800 DEOPT UNPACKING pc=0x00000000037d75d0 sp=0x00000000357aabc0 mode 0
Event: 1763.433 Thread 0x000000001a637800 DEOPT PACKING pc=0x00000000072f7305 sp=0x00000000357aa3f0
Event: 1763.433 Thread 0x000000001a637800 DEOPT UNPACKING pc=0x00000000037d75d0 sp=0x00000000357aa140 mode 0
Event: 1763.469 Thread 0x000000001a636000 DEOPT PACKING pc=0x0000000005c8db67 sp=0x00000000358ab640
Event: 1763.469 Thread 0x000000001a636000 DEOPT UNPACKING pc=0x00000000037d75d0 sp=0x00000000358ab360 mode 0


Dynamic libraries:
0x00007ff78c1c0000 - 0x00007ff78c1f1000 	D:\tools\Android Studio\jre\bin\java.exe
0x00007ff900f30000 - 0x00007ff901111000 	C:\windows\SYSTEM32\ntdll.dll
0x00007ff8fee80000 - 0x00007ff8fef31000 	C:\windows\System32\KERNEL32.DLL
0x00007ff8fe0a0000 - 0x00007ff8fe313000 	C:\windows\System32\KERNELBASE.dll
0x00007ff9007a0000 - 0x00007ff900841000 	C:\windows\System32\ADVAPI32.dll
0x00007ff900700000 - 0x00007ff90079e000 	C:\windows\System32\msvcrt.dll
0x00007ff900d00000 - 0x00007ff900d5b000 	C:\windows\System32\sechost.dll
0x00007ff8fecb0000 - 0x00007ff8fedd4000 	C:\windows\System32\RPCRT4.dll
0x00007ff900d60000 - 0x00007ff900ef1000 	C:\windows\System32\USER32.dll
0x00007ff8fd730000 - 0x00007ff8fd750000 	C:\windows\System32\win32u.dll
0x00007ff8fe580000 - 0x00007ff8fe5a8000 	C:\windows\System32\GDI32.dll
0x00007ff8fdf00000 - 0x00007ff8fe091000 	C:\windows\System32\gdi32full.dll
0x00007ff8fd750000 - 0x00007ff8fd7ef000 	C:\windows\System32\msvcp_win.dll
0x00007ff8fd630000 - 0x00007ff8fd728000 	C:\windows\System32\ucrtbase.dll
0x00007ff8ec2d0000 - 0x00007ff8ec539000 	C:\windows\WinSxS\amd64_microsoft.windows.common-controls_6595b64144ccf1df_6.0.17134.1184_none_d403e8b37c8ca406\COMCTL32.dll
0x00007ff900850000 - 0x00007ff900b71000 	C:\windows\System32\combase.dll
0x00007ff8fe320000 - 0x00007ff8fe399000 	C:\windows\System32\bcryptPrimitives.dll
0x00007ff8fe3a0000 - 0x00007ff8fe3cd000 	C:\windows\System32\IMM32.DLL
0x00000000558b0000 - 0x0000000055982000 	D:\tools\Android Studio\jre\jre\bin\msvcr100.dll
0x0000000055a70000 - 0x00000000562b6000 	D:\tools\Android Studio\jre\jre\bin\server\jvm.dll
0x00007ff8fe5b0000 - 0x00007ff8fe5b8000 	C:\windows\System32\PSAPI.DLL
0x00007ff8f3180000 - 0x00007ff8f318a000 	C:\windows\SYSTEM32\VERSION.dll
0x00007ff8fa8d0000 - 0x00007ff8fa8f3000 	C:\windows\SYSTEM32\WINMM.dll
0x00007ff8f9700000 - 0x00007ff8f9709000 	C:\windows\SYSTEM32\WSOCK32.dll
0x00007ff8fe690000 - 0x00007ff8fe6fc000 	C:\windows\System32\WS2_32.dll
0x00007ff8fa8a0000 - 0x00007ff8fa8ca000 	C:\windows\SYSTEM32\winmmbase.dll
0x00007ff8fd390000 - 0x00007ff8fd3d9000 	C:\windows\System32\cfgmgr32.dll
0x00007ff8f7be0000 - 0x00007ff8f7bef000 	D:\tools\Android Studio\jre\jre\bin\verify.dll
0x00007ff8e8410000 - 0x00007ff8e8439000 	D:\tools\Android Studio\jre\jre\bin\java.dll
0x00007ff8e83f0000 - 0x00007ff8e8406000 	D:\tools\Android Studio\jre\jre\bin\zip.dll
0x00007ff8ff250000 - 0x00007ff900695000 	C:\windows\System32\SHELL32.dll
0x00007ff8fefc0000 - 0x00007ff8ff069000 	C:\windows\System32\shcore.dll
0x00007ff8fd7f0000 - 0x00007ff8fdf00000 	C:\windows\System32\windows.storage.dll
0x00007ff8ff1f0000 - 0x00007ff8ff241000 	C:\windows\System32\shlwapi.dll
0x00007ff8fd2c0000 - 0x00007ff8fd2d1000 	C:\windows\System32\kernel.appcore.dll
0x00007ff8fd2a0000 - 0x00007ff8fd2bf000 	C:\windows\System32\profapi.dll
0x00007ff8fd250000 - 0x00007ff8fd29c000 	C:\windows\System32\powrprof.dll
0x00007ff8fd240000 - 0x00007ff8fd24a000 	C:\windows\System32\FLTLIB.DLL
0x00007ff8e83d0000 - 0x00007ff8e83ea000 	D:\tools\Android Studio\jre\jre\bin\net.dll
0x00007ff8fca20000 - 0x00007ff8fca86000 	C:\windows\system32\mswsock.dll
0x00007ff8e83b0000 - 0x00007ff8e83c1000 	D:\tools\Android Studio\jre\jre\bin\nio.dll
0x00007ff8e5340000 - 0x00007ff8e5366000 	C:\Users\Bill\.gradle\native\29\windows-amd64\native-platform.dll
0x00007ff8ee8c0000 - 0x00007ff8ee8cd000 	D:\tools\Android Studio\jre\jre\bin\management.dll
0x00007ff8fcc30000 - 0x00007ff8fcc47000 	C:\windows\SYSTEM32\CRYPTSP.dll
0x00007ff8fc5d0000 - 0x00007ff8fc603000 	C:\windows\system32\rsaenh.dll
0x00007ff8fcd60000 - 0x00007ff8fcd85000 	C:\windows\SYSTEM32\bcrypt.dll
0x00007ff8fd150000 - 0x00007ff8fd178000 	C:\windows\SYSTEM32\USERENV.dll
0x00007ff8fcc50000 - 0x00007ff8fcc5b000 	C:\windows\SYSTEM32\CRYPTBASE.dll
0x00007ff8fc770000 - 0x00007ff8fc7a8000 	C:\windows\SYSTEM32\IPHLPAPI.DLL
0x00007ff900cf0000 - 0x00007ff900cf8000 	C:\windows\System32\NSI.dll
0x00007ff8f1af0000 - 0x00007ff8f1b06000 	C:\windows\SYSTEM32\dhcpcsvc6.DLL
0x00007ff8f1a70000 - 0x00007ff8f1a8a000 	C:\windows\SYSTEM32\dhcpcsvc.DLL

VM Arguments:
jvm_args: -Xmx1536m -Dfile.encoding=GBK -Duser.country=CN -Duser.language=zh -Duser.variant 
java_command: org.gradle.launcher.daemon.bootstrap.GradleDaemon 5.4.1
java_class_path (initial): C:\Users\Bill\.gradle\wrapper\dists\gradle-5.4.1-all\3221gyojl5jsh0helicew7rwx\gradle-5.4.1\lib\gradle-launcher-5.4.1.jar
Launcher Type: SUN_STANDARD

Environment Variables:
JAVA_HOME=C:\Program Files\Java\jdk1.8.0_181
CLASSPATH=.;C:\Program Files\Java\jdk1.8.0_181\lib\dt.jar;C:\Program Files\Java\jdk1.8.0_181\lib\tools.jar;
USERNAME=Bill
OS=Windows_NT
PROCESSOR_IDENTIFIER=Intel64 Family 6 Model 142 Stepping 10, GenuineIntel



---------------  S Y S T E M  ---------------

OS: Windows 10.0 , 64 bit Build 17134 (10.0.17134.753)

CPU:total 8 (initial active 8) (4 cores per cpu, 2 threads per core) family 6 model 142 stepping 10, cmov, cx8, fxsr, mmx, sse, sse2, sse3, ssse3, sse4.1, sse4.2, popcnt, avx, avx2, aes, clmul, erms, 3dnowpref, lzcnt, ht, tsc, tscinvbit, bmi1, bmi2, adx

Memory: 4k page, physical 8262888k(1228728k free), swap 8262888k(6144k free)

vm_info: OpenJDK 64-Bit Server VM (25.202-b03) for windows-amd64 JRE (1.8.0_202-release-1483-b03), built by "builder" with MS VC++ 10.0 (VS2010)

time: Wed Dec 18 11:09:33 2019
timezone: 中国标准时间
elapsed time: 1763 seconds (0d 0h 29m 23s)

